[0114/161240.016:ERROR:process_info.cc(329)] VirtualQueryEx: 拒绝访问。 (0x5)
[0114/161240.018:ERROR:process_info.cc(550)] ReadMemoryInfo failed
[0114/161240.024:ERROR:process_reader_win.cc(151)] SuspendThread: 拒绝访问。 (0x5)
[0114/161240.025:ERROR:exception_snapshot_win.cc(88)] thread ID 18056 not found in process
[0114/161240.025:ERROR:scoped_process_suspend.cc(40)] NtResumeProcess: 已尝试访问正在退出的过程。 (0xc000010a)
[0121/155115.317:ERROR:process_reader_win.cc(123)] NtOpenThread: {无法访问} 过程已请求访问一对象，但未给访问权限。 (0xc0000022)
[0121/155115.318:ERROR:exception_snapshot_win.cc(88)] thread ID 3080 not found in process
[0211/202654.413:ERROR:process_reader_win.cc(123)] NtOpenThread: {无法访问} 过程已请求访问一对象，但未给访问权限。 (0xc0000022)
[0211/202654.414:ERROR:exception_snapshot_win.cc(88)] thread ID 5916 not found in process
[0330/154816.050:ERROR:process_reader_win.cc(123)] NtOpenThread: {无法访问} 过程已请求访问一对象，但未给访问权限。 (0xc0000022)
[0330/154816.147:ERROR:exception_snapshot_win.cc(88)] thread ID 2960 not found in process
[0330/154816.176:ERROR:process_reader_win.cc(123)] NtOpenThread: {无法访问} 过程已请求访问一对象，但未给访问权限。 (0xc0000022)
[0330/154816.177:ERROR:exception_snapshot_win.cc(88)] thread ID 9196 not found in process
[0422/160220.227:ERROR:process_reader_win.cc(123)] NtOpenThread: {无法访问} 过程已请求访问一对象，但未给访问权限。 (0xc0000022)
[0422/160220.336:ERROR:exception_snapshot_win.cc(88)] thread ID 21500 not found in process
[0422/160309.240:ERROR:process_reader_win.cc(123)] NtOpenThread: {无法访问} 过程已请求访问一对象，但未给访问权限。 (0xc0000022)
[0422/160309.241:ERROR:exception_snapshot_win.cc(88)] thread ID 26212 not found in process
[0427/172422.710:ERROR:process_reader_win.cc(123)] NtOpenThread: {无法访问} 过程已请求访问一对象，但未给访问权限。 (0xc0000022)
[0427/172422.806:ERROR:exception_snapshot_win.cc(88)] thread ID 31872 not found in process
[0523/094017.297:ERROR:process_reader_win.cc(123)] NtOpenThread: {无法访问} 过程已请求访问一对象，但未给访问权限。 (0xc0000022)
[0523/094017.697:ERROR:exception_snapshot_win.cc(88)] thread ID 2360 not found in process
